<?xml version="1.0" encoding="UTF-8"?>
<!-- Generated by org.testng.reporters.JUnitXMLReporter -->
<testsuite hostname="DESKTOP-5N90F58" ignored="0" name="GobalTest" tests="32" failures="1" timestamp="2020-12-15T18:27:28 IST" time="466.147" errors="0">
  <testcase name="tc01_LoginFailed" time="1.316" classname="steamTests.LoginTest"/>
  <testcase name="tc01_LoginFailed" time="1.25" classname="steamTests.LoginTest"/>
  <testcase name="tc01_LoginFailed" time="1.234" classname="steamTests.LoginTest"/>
  <testcase name="tc01_LoginFailed" time="1.257" classname="steamTests.LoginTest"/>
  <testcase name="tc02_IsInLoginPage" time="0.031" classname="steamTests.LoginTest"/>
  <testcase name="tc01_searchCyberPunkGame" time="2.077" classname="steamTests.StoreTest"/>
  <testcase name="tc01_searchCyberPunkGame" time="0.982" classname="steamTests.StoreTest"/>
  <testcase name="tc02_checkIsInPage" time="0.044" classname="steamTests.StoreTest"/>
  <testcase name="tc01_ValidateErrorMessage" time="13.718" classname="steamTests.SupportTest"/>
  <testcase name="tc01_ValidateErrorMessage" time="42.547" classname="steamTests.SupportTest"/>
  <testcase name="tc02_IsInFindAccountPage" time="56.821" classname="steamTests.SupportTest"/>
  <testcase name="tc01_DifferentGenresPageValidation" time="13.301" classname="steamTests.GenrePagesTest"/>
  <testcase name="tc02_validatesCurrectTagForEachGameShallowSearch" time="2.725" classname="steamTests.GenrePagesTest"/>
  <testcase name="tc02_validatesCurrectTagForEachGameShallowSearch" time="2.195" classname="steamTests.GenrePagesTest"/>
  <testcase name="tc02_validatesCurrectTagForEachGameShallowSearch" time="13.661" classname="steamTests.GenrePagesTest"/>
  <testcase name="tc03_validatesCurrectTagForEachGameDeepSearch_Action" time="15.45" classname="steamTests.GenrePagesTest"/>
  <testcase name="tc03_validatesCurrectTagForEachGameDeepSearch_Action" time="16.355" classname="steamTests.GenrePagesTest"/>
  <testcase name="tc03_validatesCurrectTagForEachGameDeepSearch_Action" time="14.535" classname="steamTests.GenrePagesTest"/>
  <testcase name="tc05_validatesFreeToPlayPriceAppearanceForEachFreeGameOnFront" time="3.145" classname="steamTests.GenrePagesTest"/>
  <testcase name="tc05_validatesFreeToPlayPriceAppearanceForEachFreeGameOnFront" time="2.807" classname="steamTests.GenrePagesTest"/>
  <testcase name="tc05_validatesFreeToPlayPriceAppearanceForEachFreeGameOnFront" time="1.546" classname="steamTests.GenrePagesTest"/>
  <testcase name="tc06_validatesFreeToPlayAppearanceForAllGames_False" time="7.138" classname="steamTests.GenrePagesTest">
    <failure type="java.lang.AssertionError" message="expected [true] but found [false]">
      <![CDATA[java.lang.AssertionError: expected [true] but found [false]
at steamTests.GenrePagesTest.tc06_validatesFreeToPlayAppearanceForAllGames_False(GenrePagesTest.java:53)
at java.util.ArrayList.forEach(Unknown Source)
... Removed 31 stack frames]]>
    </failure>
  </testcase> <!-- tc06_validatesFreeToPlayAppearanceForAllGames_False -->
  <testcase name="tc06_validatesFreeToPlayAppearanceForAllGames_False" time="13.5" classname="steamTests.GenrePagesTest"/>
  <testcase name="tc06_validatesFreeToPlayAppearanceForAllGames_False" time="4.526" classname="steamTests.GenrePagesTest"/>
  <testcase name="tc_01_pickSomeGenresTags" time="4.35" classname="steamTests.ResultsTest"/>
  <testcase name="tc_02_SortByName" time="12.29" classname="steamTests.ResultsTest"/>
  <testcase name="tc_03_ValidateSortByPrice" time="15.716" classname="steamTests.ResultsTest"/>
  <testcase name="tc_04_ChecksThereAre50RowsDisplaying" time="10.978" classname="steamTests.ResultsTest"/>
  <testcase name="tc_05_VerifyAllGamesAreForMac" time="11.685" classname="steamTests.ResultsTest"/>
  <testcase name="tc_06_VerifyAllGamesAreTaggedSinglePlayer" time="61.258" classname="steamTests.ResultsTest"/>
  <testcase name="tc_07_checkSizeOftaggedGenresBeforeAndAfterExcluding_Failed" time="15.298" classname="steamTests.ResultsTest"/>
  <testcase name="tc_08_checkSizeOfTaggedGenresBeforeAndAfterexculding_Succeed" time="59.236" classname="steamTests.ResultsTest"/>
</testsuite> <!-- GobalTest -->
